Using pre-set license
Built from '2020.3/staging' branch; Version is '2020.3.21f1 (a38c86f6690f) revision 10718342'; Using compiler version '192528614'; Build Type 'Release'
OS: 'Windows 10 Home; OS build 19043.1348; Version 2009; 64bit' Language: 'en' Physical Memory: 16244 MB
BatchMode: 1, IsHumanControllingUs: 0, StartBugReporterOnCrash: 0, Is64bit: 1, IsPro: 0

COMMAND LINE ARGUMENTS:
C:\Program Files\Unity\Hub\Editor\2020.3.21f1\Editor\Unity.exe
-adb2
-batchMode
-noUpm
-name
AssetImportWorker0
-projectPath
C:/dev/Unity/ProjectionsReflections
-logFile
Logs/AssetImportWorker0.log
-srvPort
62759
Successfully changed project path to: C:/dev/Unity/ProjectionsReflections
C:/dev/Unity/ProjectionsReflections
Using Asset Import Pipeline V2.
Refreshing native plugins compatible for Editor in 34.18 ms, found 3 plugins.
Preloading 0 native plugins for Editor in 0.00 ms.
Initialize engine version: 2020.3.21f1 (a38c86f6690f)
[Subsystems] Discovering subsystems at path C:/Program Files/Unity/Hub/Editor/2020.3.21f1/Editor/Data/Resources/UnitySubsystems
[Subsystems] Discovering subsystems at path C:/dev/Unity/ProjectionsReflections/Assets
GfxDevice: creating device client; threaded=0
Direct3D:
    Version:  Direct3D 11.0 [level 11.1]
    Renderer: NVIDIA GeForce RTX 2070 with Max-Q Design (ID=0x1f14)
    Vendor:   
    VRAM:     8031 MB
    Driver:   30.0.14.7212
Initialize mono
Mono path[0] = 'C:/Program Files/Unity/Hub/Editor/2020.3.21f1/Editor/Data/Managed'
Mono path[1] = 'C:/Program Files/Unity/Hub/Editor/2020.3.21f1/Editor/Data/MonoBleedingEdge/lib/mono/unityjit'
Mono config path = 'C:/Program Files/Unity/Hub/Editor/2020.3.21f1/Editor/Data/MonoBleedingEdge/etc'
Using monoOptions --debugger-agent=transport=dt_socket,embedding=1,server=y,suspend=n,address=127.0.0.1:56972
Begin MonoManager ReloadAssembly
Registering precompiled unity dll's ...
Register platform support module: C:/Program Files/Unity/Hub/Editor/2020.3.21f1/Editor/Data/PlaybackEngines/WindowsStandaloneSupport/UnityEditor.WindowsStandalone.Extensions.dll
Registered in 0.001423 seconds.
Native extension for WindowsStandalone target not found
Refreshing native plugins compatible for Editor in 34.49 ms, found 3 plugins.
Preloading 0 native plugins for Editor in 0.00 ms.
Mono: successfully reloaded assembly
- Completed reload, in  0.777 seconds
Domain Reload Profiling:
	ReloadAssembly (777ms)
		BeginReloadAssembly (42ms)
			ExecutionOrderSort (0ms)
			DisableScriptedObjects (0ms)
			BackupInstance (0ms)
			ReleaseScriptingObjects (0ms)
			CreateAndSetChildDomain (1ms)
		EndReloadAssembly (354ms)
			LoadAssemblies (40ms)
			RebuildTransferFunctionScriptingTraits (0ms)
			SetupTypeCache (121ms)
			ReleaseScriptCaches (0ms)
			RebuildScriptCaches (24ms)
			SetupLoadedEditorAssemblies (135ms)
				LogAssemblyErrors (0ms)
				InitializePlatformSupportModulesInManaged (3ms)
				SetLoadedEditorAssemblies (0ms)
				RefreshPlugins (35ms)
				BeforeProcessingInitializeOnLoad (10ms)
				ProcessInitializeOnLoadAttributes (65ms)
				ProcessInitializeOnLoadMethodAttributes (22ms)
				AfterProcessingInitializeOnLoad (0ms)
				EditorAssembliesLoaded (0ms)
			ExecutionOrderSort2 (0ms)
			AwakeInstancesAfterBackupRestoration (0ms)
Platform modules already initialized, skipping
Registering precompiled user dll's ...
Registered in 0.003230 seconds.
Begin MonoManager ReloadAssembly
Native extension for WindowsStandalone target not found
Refreshing native plugins compatible for Editor in 78.49 ms, found 3 plugins.
Preloading 0 native plugins for Editor in 0.00 ms.
Mono: successfully reloaded assembly
- Completed reload, in  1.000 seconds
Domain Reload Profiling:
	ReloadAssembly (1001ms)
		BeginReloadAssembly (113ms)
			ExecutionOrderSort (0ms)
			DisableScriptedObjects (3ms)
			BackupInstance (0ms)
			ReleaseScriptingObjects (0ms)
			CreateAndSetChildDomain (14ms)
		EndReloadAssembly (840ms)
			LoadAssemblies (68ms)
			RebuildTransferFunctionScriptingTraits (0ms)
			SetupTypeCache (245ms)
			ReleaseScriptCaches (0ms)
			RebuildScriptCaches (37ms)
			SetupLoadedEditorAssemblies (373ms)
				LogAssemblyErrors (0ms)
				InitializePlatformSupportModulesInManaged (9ms)
				SetLoadedEditorAssemblies (0ms)
				RefreshPlugins (79ms)
				BeforeProcessingInitializeOnLoad (101ms)
				ProcessInitializeOnLoadAttributes (163ms)
				ProcessInitializeOnLoadMethodAttributes (15ms)
				AfterProcessingInitializeOnLoad (5ms)
				EditorAssembliesLoaded (0ms)
			ExecutionOrderSort2 (0ms)
			AwakeInstancesAfterBackupRestoration (6ms)
Platform modules already initialized, skipping
========================================================================
Worker process is ready to serve import requests
Launched and connected shader compiler UnityShaderCompiler.exe after 0.06 seconds
Refreshing native plugins compatible for Editor in 0.47 ms, found 3 plugins.
Preloading 0 native plugins for Editor in 0.00 ms.
Unloading 2186 Unused Serialized files (Serialized files now loaded: 0)
System memory in use before: 95.5 MB.
System memory in use after: 95.6 MB.

Unloading 28 unused Assets to reduce memory usage. Loaded Objects now: 2619.
Total: 3.007600 ms (FindLiveObjects: 0.177800 ms CreateObjectMapping: 0.077700 ms MarkObjects: 2.696800 ms  DeleteObjects: 0.054500 ms)

AssetImportParameters requested are different than current active one (requested -> active):
  custom:framework-win-MediaFoundation: 216162199b28c13a410421893ffa2e32 -> 
  custom:video-decoder-ogg-theora: a1e56fd34408186e4bbccfd4996cb3dc -> 
  custom:container-muxer-webm: aa71ff27fc2769a1b78a27578f13a17b -> 
  custom:container-demuxer-webm: 4f35f7cbe854078d1ac9338744f61a02 -> 
  custom:container-demuxer-ogg: 62fdf1f143b41e24485cea50d1cbac27 -> 
  custom:video-encoder-webm-vp8: eb34c28f22e8b96e1ab97ce403110664 -> 
  custom:video-decoder-webm-vp8: 9c59270c3fd7afecdb556c50c9e8de78 -> 
  custom:audio-decoder-ogg-vorbis: bf7c407c2cedff20999df2af8eb42d56 -> 
  custom:audio-encoder-webm-vorbis: bf7c407c2cedff20999df2af8eb42d56 -> 
========================================================================
Received Import Request.
  path: Assets/Scenes
  artifactKey: Guid(c420cb292c4e97b4abcb7ebf6847e493) Importer(815301076,1909f56bfc062723c751e8b465ee728b)
Start importing Assets/Scenes using Guid(c420cb292c4e97b4abcb7ebf6847e493) Importer(815301076,1909f56bfc062723c751e8b465ee728b)  -> (artifact id: 'c81c95a34a7822352ee185e1f1983515') in 0.008537 seconds 
  Import took 0.011631 seconds .

========================================================================
Received Import Request.
  Time since last request: 0.920751 seconds.
  path: Assets/bAIMovement.cs
  artifactKey: Guid(98f469c222872534b818d30849ce1dac) Importer(815301076,1909f56bfc062723c751e8b465ee728b)
Start importing Assets/bAIMovement.cs using Guid(98f469c222872534b818d30849ce1dac) Importer(815301076,1909f56bfc062723c751e8b465ee728b)  -> (artifact id: 'dd717efc7cd9dbfb56b60bba6e60ae25') in 0.018312 seconds 
  Import took 0.022162 seconds .

========================================================================
Received Import Request.
  Time since last request: 0.381653 seconds.
  path: Assets/EnemyBullet.cs
  artifactKey: Guid(dc52f9ffa5d1a7440990d7da04c9a3ff) Importer(815301076,1909f56bfc062723c751e8b465ee728b)
Start importing Assets/EnemyBullet.cs using Guid(dc52f9ffa5d1a7440990d7da04c9a3ff) Importer(815301076,1909f56bfc062723c751e8b465ee728b)  -> (artifact id: 'a20807abca4f85398f6e89f604f5901c') in 0.013325 seconds 
  Import took 0.021333 seconds .

========================================================================
Received Import Request.
  Time since last request: 0.971570 seconds.
  path: Assets/EnemyDetection.cs
  artifactKey: Guid(c2121bc9556e8bc4d8c8a672419ea153) Importer(815301076,1909f56bfc062723c751e8b465ee728b)
Start importing Assets/EnemyDetection.cs using Guid(c2121bc9556e8bc4d8c8a672419ea153) Importer(815301076,1909f56bfc062723c751e8b465ee728b)  -> (artifact id: '5ea80149ea829b595f6e256f882eacea') in 0.011922 seconds 
  Import took 0.019072 seconds .

========================================================================
Received Import Request.
  Time since last request: 0.569433 seconds.
  path: Assets/PlayerDetection.cs
  artifactKey: Guid(9118dd7634f16a64b8d4a3c83d1f039b) Importer(815301076,1909f56bfc062723c751e8b465ee728b)
Start importing Assets/PlayerDetection.cs using Guid(9118dd7634f16a64b8d4a3c83d1f039b) Importer(815301076,1909f56bfc062723c751e8b465ee728b)  -> (artifact id: 'b1cc6980beb2eb1cb896c4dd64e30cd5') in 0.012500 seconds 
  Import took 0.020330 seconds .

AssetImportWorkerClient::OnTransportError - code=2 error=End of file
